timestamp: 2024-12-02T14:16:33.899244
CREATE TABLE "py4web_session"(
    "id" INTEGER PRIMARY KEY AUTOINCREMENT,
    "rkey" CHAR(512),
    "rvalue" TEXT,
    "expiration" INTEGER,
    "created_on" TIMESTAMP,
    "expires_on" TIMESTAMP
);
success!
timestamp: 2024-12-02T14:16:33.902785
CREATE TABLE "auth_user"(
    "id" INTEGER PRIMARY KEY AUTOINCREMENT,
    "email" CHAR(512) UNIQUE,
    "password" CHAR(512),
    "first_name" CHAR(512),
    "last_name" CHAR(512),
    "sso_id" CHAR(512),
    "action_token" CHAR(512),
    "last_password_change" TIMESTAMP,
    "past_passwords_hash" TEXT
);
success!
timestamp: 2024-12-02T14:16:33.905729
CREATE TABLE "auth_user_tag_groups"(
    "id" INTEGER PRIMARY KEY AUTOINCREMENT,
    "tagpath" CHAR(512),
    "record_id" INTEGER REFERENCES "auth_user" ("id") ON DELETE CASCADE ON UPDATE CASCADE  
);
success!
timestamp: 2024-12-02T15:50:43.918478
CREATE TABLE "species"(
    "id" INTEGER PRIMARY KEY AUTOINCREMENT,
    "common_name" CHAR(512)
);
success!
timestamp: 2024-12-02T15:50:43.923078
CREATE TABLE "sightings"(
    "id" INTEGER PRIMARY KEY AUTOINCREMENT,
    "sampling_event_identifier" CHAR(512),
    "common_name" CHAR(512),
    "observation_count" CHAR(512)
);
success!
timestamp: 2024-12-02T15:50:43.925319
CREATE TABLE "checklist"(
    "id" INTEGER PRIMARY KEY AUTOINCREMENT,
    "sampling_event_identifier" CHAR(512),
    "latitude" DOUBLE,
    "longitude" DOUBLE,
    "observation_date" DATE,
    "time_observations_started" TIME,
    "observer_id" CHAR(512),
    "duration_minutes" DOUBLE
);
success!
timestamp: 2024-12-09T14:20:40.271337
CREATE TABLE "my_checklist"(
    "id" INTEGER PRIMARY KEY AUTOINCREMENT,
    "sampling_event_identifier" CHAR(512),
    "latitude" DOUBLE,
    "longitude" DOUBLE,
    "observation_date" DATE,
    "time_observations_started" TIME,
    "observer_id" CHAR(512),
    "duration_minutes" DOUBLE
);
success!
timestamp: 2024-12-09T14:50:32.288143
ALTER TABLE "my_checklist" ADD "common_name" CHAR(512);
success!
timestamp: 2024-12-10T16:30:36.338189
ALTER TABLE "my_checklist" ADD "observation_count" DOUBLE;
success!
